make --dry-run --keep-going --print-directory
make: Entering directory `/Users/hoomen/projects/push_swap'
cc -Wall -Wextra -Werror -c push_swap.c -o push_swap.o
 
cc -Wall -Wextra -Werror -c dlst_basics.c -o dlst_basics.o
cc -Wall -Wextra -Werror -c print_dlst.c -o print_dlst.o
cc -Wall -Wextra -Werror -c sort.c -o sort.o
 
cc -Wall -Wextra -Werror -c operations.c -o operations.o
cc -Wall -Wextra -Werror -c quickso_dlst.c -o quickso_dlst.o
cc -Wall -Wextra -Werror -c sort_small.c -o sort_small.o
cc -Wall -Wextra -Werror -c sort_big.c -o sort_big.o
cc -Wall -Wextra -Werror -c pb_sort.c -o pb_sort.o
cc -Wall -Wextra -Werror -c libft/ft_atoi.c -o libft/ft_atoi.o
cc -Wall -Wextra -Werror -c libft/ft_isdigit.c -o libft/ft_isdigit.o
cc -Wall -Wextra -Werror -c libft/ft_strchr.c -o libft/ft_strchr.o
 
cc -Wall -Wextra -Werror -c libft/ft_strlen.c -o libft/ft_strlen.o
cc -Wall -Wextra -Werror -c libft/ft_split.c -o libft/ft_split.o
cc -Wall -Wextra -Werror -c libft/ft_calloc.c -o libft/ft_calloc.o
cc -Wall -Wextra -Werror -c libft/ft_memcpy.c -o libft/ft_memcpy.o
 
cc -Wall -Wextra -Werror -c ft_printf/ft_convert.c -o ft_printf/ft_convert.o
cc -Wall -Wextra -Werror -c ft_printf/ft_initmodifiers.c -o ft_printf/ft_initmodifiers.o
cc -Wall -Wextra -Werror -c ft_printf/ft_modifiers.c -o ft_printf/ft_modifiers.o
cc -Wall -Wextra -Werror -c ft_printf/ft_pad.c -o ft_printf/ft_pad.o
cc -Wall -Wextra -Werror -c ft_printf/ft_parse.c -o ft_printf/ft_parse.o
 
cc -Wall -Wextra -Werror -c ft_printf/ft_printchar.c -o ft_printf/ft_printchar.o
cc -Wall -Wextra -Werror -c ft_printf/ft_printf.c -o ft_printf/ft_printf.o
cc -Wall -Wextra -Werror -c ft_printf/ft_printint.c -o ft_printf/ft_printint.o
cc -Wall -Wextra -Werror -c ft_printf/ft_printnbr.c -o ft_printf/ft_printnbr.o
cc -Wall -Wextra -Werror -c ft_printf/ft_printstr.c -o ft_printf/ft_printstr.o
 
cc -Wall -Wextra -Werror -c ft_printf/ft_putnbrpf.c -o ft_printf/ft_putnbrpf.o
cc -Wall -Wextra -Werror push_swap.o dlst_basics.o print_dlst.o sort.o operations.o quickso_dlst.o sort_small.o sort_big.o pb_sort.o libft/ft_atoi.o libft/ft_isdigit.o libft/ft_strchr.o libft/ft_strlen.o libft/ft_split.o libft/ft_calloc.o libft/ft_memcpy.o ft_printf/ft_convert.o ft_printf/ft_initmodifiers.o ft_printf/ft_modifiers.o ft_printf/ft_pad.o ft_printf/ft_parse.o ft_printf/ft_printchar.o ft_printf/ft_printf.o ft_printf/ft_printint.o ft_printf/ft_printnbr.o ft_printf/ft_printstr.o ft_printf/ft_putnbrpf.o -o push_swap
echo "push_swap is compiled"
rm -f *.o
rm -f libft/*.o
rm -f ft_printf/*.o
make: Leaving directory `/Users/hoomen/projects/push_swap'
 
